Using pre-set license
Built from '2021.3/staging' branch; Version is '2021.3.14f1 (eee1884e7226) revision 15655304'; Using compiler version '192829333'; Build Type 'Release'
OS: 'Windows 11  (10.0.22631) 64bit Core' Language: 'en' Physical Memory: 32649 MB
BatchMode: 1, IsHumanControllingUs: 0, StartBugReporterOnCrash: 0, Is64bit: 1, IsPro: 1

COMMAND LINE ARGUMENTS:
C:\Program Files\Unity\Hub\Editor\2021.3.14f1\Editor\Unity.exe
-adb2
-batchMode
-noUpm
-name
AssetImportWorker0
-projectPath
C:/Users/xavbe/My project (1)
-logFile
Logs/AssetImportWorker0.log
-srvPort
53832
Successfully changed project path to: C:/Users/xavbe/My project (1)
C:/Users/xavbe/My project (1)
[UnityMemory] Configuration Parameters - Can be set up in boot.config
    "memorysetup-bucket-allocator-granularity=16"
    "memorysetup-bucket-allocator-bucket-count=8"
    "memorysetup-bucket-allocator-block-size=33554432"
    "memorysetup-bucket-allocator-block-count=8"
    "memorysetup-main-allocator-block-size=16777216"
    "memorysetup-thread-allocator-block-size=16777216"
    "memorysetup-gfx-main-allocator-block-size=16777216"
    "memorysetup-gfx-thread-allocator-block-size=16777216"
    "memorysetup-cache-allocator-block-size=4194304"
    "memorysetup-typetree-allocator-block-size=2097152"
    "memorysetup-profiler-bucket-allocator-granularity=16"
    "memorysetup-profiler-bucket-allocator-bucket-count=8"
    "memorysetup-profiler-bucket-allocator-block-size=33554432"
    "memorysetup-profiler-bucket-allocator-block-count=8"
    "memorysetup-profiler-allocator-block-size=16777216"
    "memorysetup-profiler-editor-allocator-block-size=1048576"
    "memorysetup-temp-allocator-size-main=16777216"
    "memorysetup-job-temp-allocator-block-size=2097152"
    "memorysetup-job-temp-allocator-block-size-background=1048576"
    "memorysetup-job-temp-allocator-reduction-small-platforms=262144"
    "memorysetup-temp-allocator-size-background-worker=32768"
    "memorysetup-temp-allocator-size-job-worker=262144"
    "memorysetup-temp-allocator-size-preload-manager=33554432"
    "memorysetup-temp-allocator-size-nav-mesh-worker=65536"
    "memorysetup-temp-allocator-size-audio-worker=65536"
    "memorysetup-temp-allocator-size-cloud-worker=32768"
    "memorysetup-temp-allocator-size-gi-baking-worker=262144"
    "memorysetup-temp-allocator-size-gfx=262144"
Refreshing native plugins compatible for Editor in 56.57 ms, found 3 plugins.
Preloading 0 native plugins for Editor in 0.00 ms.
Initialize engine version: 2021.3.14f1 (eee1884e7226)
[Subsystems] Discovering subsystems at path C:/Program Files/Unity/Hub/Editor/2021.3.14f1/Editor/Data/Resources/UnitySubsystems
[Subsystems] Discovering subsystems at path C:/Users/xavbe/My project (1)/Assets
GfxDevice: creating device client; threaded=0; jobified=0
Direct3D:
    Version:  Direct3D 11.0 [level 11.1]
    Renderer: NVIDIA GeForce RTX 4060 (ID=0x2882)
    Vendor:   NVIDIA
    VRAM:     7971 MB
    Driver:   31.0.15.3699
Initialize mono
Mono path[0] = 'C:/Program Files/Unity/Hub/Editor/2021.3.14f1/Editor/Data/Managed'
Mono path[1] = 'C:/Program Files/Unity/Hub/Editor/2021.3.14f1/Editor/Data/MonoBleedingEdge/lib/mono/unityjit-win32'
Mono config path = 'C:/Program Files/Unity/Hub/Editor/2021.3.14f1/Editor/Data/MonoBleedingEdge/etc'
Using monoOptions --debugger-agent=transport=dt_socket,embedding=1,server=y,suspend=n,address=127.0.0.1:56592
Begin MonoManager ReloadAssembly
Registering precompiled unity dll's ...
Register platform support module: C:/Program Files/Unity/Hub/Editor/2021.3.14f1/Editor/Data/PlaybackEngines/WebGLSupport/UnityEditor.WebGL.Extensions.dll
Register platform support module: C:/Program Files/Unity/Hub/Editor/2021.3.14f1/Editor/Data/PlaybackEngines/WindowsStandaloneSupport/UnityEditor.WindowsStandalone.Extensions.dll
Registered in 0.004587 seconds.
Native extension for WindowsStandalone target not found
Native extension for WebGL target not found
Refreshing native plugins compatible for Editor in 54.90 ms, found 3 plugins.
Preloading 0 native plugins for Editor in 0.00 ms.
Mono: successfully reloaded assembly
- Completed reload, in  0.432 seconds
Domain Reload Profiling:
	ReloadAssembly (432ms)
		BeginReloadAssembly (49ms)
			ExecutionOrderSort (0ms)
			DisableScriptedObjects (0ms)
			BackupInstance (0ms)
			ReleaseScriptingObjects (0ms)
			CreateAndSetChildDomain (1ms)
		EndReloadAssembly (308ms)
			LoadAssemblies (47ms)
			RebuildTransferFunctionScriptingTraits (0ms)
			SetupTypeCache (69ms)
			ReleaseScriptCaches (0ms)
			RebuildScriptCaches (17ms)
			SetupLoadedEditorAssemblies (188ms)
				LogAssemblyErrors (0ms)
				InitializePlatformSupportModulesInManaged (6ms)
				SetLoadedEditorAssemblies (0ms)
				RefreshPlugins (55ms)
				BeforeProcessingInitializeOnLoad (1ms)
				ProcessInitializeOnLoadAttributes (94ms)
				ProcessInitializeOnLoadMethodAttributes (32ms)
				AfterProcessingInitializeOnLoad (0ms)
				EditorAssembliesLoaded (0ms)
			ExecutionOrderSort2 (0ms)
			AwakeInstancesAfterBackupRestoration (0ms)
Platform modules already initialized, skipping
Registering precompiled user dll's ...
Registered in 0.004243 seconds.
Begin MonoManager ReloadAssembly
Symbol file LoadedFromMemory doesn't match image C:\Users\xavbe\My project (1)\Library\PackageCache\com.unity.visualscripting@1.7.8\Editor\VisualScripting.Core\Dependencies\YamlDotNet\Unity.VisualScripting.YamlDotNet.dll
Symbol file LoadedFromMemory doesn't match image C:\Users\xavbe\My project (1)\Library\PackageCache\com.unity.visualscripting@1.7.8\Editor\VisualScripting.Core\Dependencies\DotNetZip\Unity.VisualScripting.IonicZip.dll
Native extension for WindowsStandalone target not found
Native extension for WebGL target not found
Refreshing native plugins compatible for Editor in 0.49 ms, found 3 plugins.
Preloading 0 native plugins for Editor in 0.00 ms.
Mono: successfully reloaded assembly
- Completed reload, in  0.746 seconds
Domain Reload Profiling:
	ReloadAssembly (746ms)
		BeginReloadAssembly (83ms)
			ExecutionOrderSort (0ms)
			DisableScriptedObjects (6ms)
			BackupInstance (0ms)
			ReleaseScriptingObjects (0ms)
			CreateAndSetChildDomain (15ms)
		EndReloadAssembly (577ms)
			LoadAssemblies (61ms)
			RebuildTransferFunctionScriptingTraits (0ms)
			SetupTypeCache (189ms)
			ReleaseScriptCaches (0ms)
			RebuildScriptCaches (36ms)
			SetupLoadedEditorAssemblies (260ms)
				LogAssemblyErrors (0ms)
				InitializePlatformSupportModulesInManaged (5ms)
				SetLoadedEditorAssemblies (0ms)
				RefreshPlugins (1ms)
				BeforeProcessingInitializeOnLoad (61ms)
				ProcessInitializeOnLoadAttributes (171ms)
				ProcessInitializeOnLoadMethodAttributes (17ms)
				AfterProcessingInitializeOnLoad (5ms)
				EditorAssembliesLoaded (0ms)
			ExecutionOrderSort2 (0ms)
			AwakeInstancesAfterBackupRestoration (5ms)
Platform modules already initialized, skipping
========================================================================
Worker process is ready to serve import requests
Launched and connected shader compiler UnityShaderCompiler.exe after 0.03 seconds
Refreshing native plugins compatible for Editor in 0.45 ms, found 3 plugins.
Preloading 0 native plugins for Editor in 0.00 ms.
Unloading 3417 Unused Serialized files (Serialized files now loaded: 0)
Unloading 27 unused Assets / (114.0 KB). Loaded Objects now: 3876.
Memory consumption went from 119.4 MB to 119.3 MB.
Total: 2.172100 ms (FindLiveObjects: 0.202300 ms CreateObjectMapping: 0.093800 ms MarkObjects: 1.792000 ms  DeleteObjects: 0.083400 ms)

AssetImportParameters requested are different than current active one (requested -> active):
  custom:video-decoder-ogg-theora: a1e56fd34408186e4bbccfd4996cb3dc -> 
  custom:container-muxer-webm: aa71ff27fc2769a1b78a27578f13a17b -> 
  custom:container-demuxer-webm: 4f35f7cbe854078d1ac9338744f61a02 -> 
  custom:video-encoder-webm-vp8: eb34c28f22e8b96e1ab97ce403110664 -> 
  custom:audio-encoder-webm-vorbis: bf7c407c2cedff20999df2af8eb42d56 -> 
  custom:framework-win-MediaFoundation: 216162199b28c13a410421893ffa2e32 -> 
  custom:container-demuxer-ogg: 62fdf1f143b41e24485cea50d1cbac27 -> 
  custom:video-decoder-webm-vp8: 9c59270c3fd7afecdb556c50c9e8de78 -> 
  custom:audio-decoder-ogg-vorbis: bf7c407c2cedff20999df2af8eb42d56 -> 
========================================================================
Received Import Request.
  Time since last request: 14848.012456 seconds.
  path: Assets/Ressources/Prefabs/Satellite.prefab
  artifactKey: Guid(f73d5fdef16fe274da33a3f04e7f034d) Importer(815301076,1909f56bfc062723c751e8b465ee728b)
Start importing Assets/Ressources/Prefabs/Satellite.prefab using Guid(f73d5fdef16fe274da33a3f04e7f034d) Importer(815301076,1909f56bfc062723c751e8b465ee728b)  -> (artifact id: '03ca4b521f65a6bc73701081d0f8288a') in 0.121699 seconds 
========================================================================
Received Import Request.
  Time since last request: 85.719267 seconds.
  path: Assets/Ressources/Prefabs/RCM_OnePiece_1-50_v01.STL
  artifactKey: Guid(80213723cc5e53040a2094257124cce8) Importer(815301076,1909f56bfc062723c751e8b465ee728b)
Start importing Assets/Ressources/Prefabs/RCM_OnePiece_1-50_v01.STL using Guid(80213723cc5e53040a2094257124cce8) Importer(815301076,1909f56bfc062723c751e8b465ee728b)  -> (artifact id: '38a85b3818a8a372af64598e7ea858a4') in 0.007999 seconds 
========================================================================
Received Import Request.
  Time since last request: 100.387704 seconds.
  path: Assets/Ressources/Prefabs/RCM_OnePiece_1-50_v01.obj
  artifactKey: Guid(2ace996cd3ff8634b9e149919c3eebb8) Importer(815301076,1909f56bfc062723c751e8b465ee728b)
Start importing Assets/Ressources/Prefabs/RCM_OnePiece_1-50_v01.obj using Guid(2ace996cd3ff8634b9e149919c3eebb8) Importer(815301076,1909f56bfc062723c751e8b465ee728b)  -> (artifact id: 'd54428aca55bb6139376d7e1c0e86fc8') in 0.073969 seconds 
========================================================================
Received Import Request.
  Time since last request: 18.349791 seconds.
  path: Assets/Ressources/Prefabs/Satellite.prefab
  artifactKey: Guid(f73d5fdef16fe274da33a3f04e7f034d) Importer(815301076,1909f56bfc062723c751e8b465ee728b)
Start importing Assets/Ressources/Prefabs/Satellite.prefab using Guid(f73d5fdef16fe274da33a3f04e7f034d) Importer(815301076,1909f56bfc062723c751e8b465ee728b)  -> (artifact id: 'a0c131334af2446a99cc2b27bf0c40b3') in 0.023611 seconds 
========================================================================
Received Import Request.
  Time since last request: 31.186896 seconds.
  path: Assets/Ressources/Prefabs/Satellite.prefab
  artifactKey: Guid(f73d5fdef16fe274da33a3f04e7f034d) Importer(815301076,1909f56bfc062723c751e8b465ee728b)
Start importing Assets/Ressources/Prefabs/Satellite.prefab using Guid(f73d5fdef16fe274da33a3f04e7f034d) Importer(815301076,1909f56bfc062723c751e8b465ee728b)  -> (artifact id: 'af96c4fe46bdd3938b3f7915f53beb64') in 0.021924 seconds 
========================================================================
Received Import Request.
  Time since last request: 5.209492 seconds.
  path: Assets/Ressources/Prefabs/Satellite.prefab
  artifactKey: Guid(f73d5fdef16fe274da33a3f04e7f034d) Importer(815301076,1909f56bfc062723c751e8b465ee728b)
Start importing Assets/Ressources/Prefabs/Satellite.prefab using Guid(f73d5fdef16fe274da33a3f04e7f034d) Importer(815301076,1909f56bfc062723c751e8b465ee728b)  -> (artifact id: '3b03fb7cb8a4d893e4115377e3f6869c') in 0.020951 seconds 
========================================================================
Received Import Request.
  Time since last request: 2.590625 seconds.
  path: Assets/Ressources/Prefabs/Satellite.prefab
  artifactKey: Guid(f73d5fdef16fe274da33a3f04e7f034d) Importer(815301076,1909f56bfc062723c751e8b465ee728b)
Start importing Assets/Ressources/Prefabs/Satellite.prefab using Guid(f73d5fdef16fe274da33a3f04e7f034d) Importer(815301076,1909f56bfc062723c751e8b465ee728b)  -> (artifact id: '9ee1299590bff7959e3ef153ddb40855') in 0.020867 seconds 
========================================================================
Received Import Request.
  Time since last request: 11.658649 seconds.
  path: Assets/Ressources/Prefabs/Satellite.prefab
  artifactKey: Guid(f73d5fdef16fe274da33a3f04e7f034d) Importer(815301076,1909f56bfc062723c751e8b465ee728b)
Start importing Assets/Ressources/Prefabs/Satellite.prefab using Guid(f73d5fdef16fe274da33a3f04e7f034d) Importer(815301076,1909f56bfc062723c751e8b465ee728b)  -> (artifact id: 'f7716a4fc50bc14e2f76027492114c01') in 0.020782 seconds 
========================================================================
Received Import Request.
  Time since last request: 0.579540 seconds.
  path: Assets/Ressources/Prefabs/Satellite.prefab
  artifactKey: Guid(f73d5fdef16fe274da33a3f04e7f034d) Importer(815301076,1909f56bfc062723c751e8b465ee728b)
Start importing Assets/Ressources/Prefabs/Satellite.prefab using Guid(f73d5fdef16fe274da33a3f04e7f034d) Importer(815301076,1909f56bfc062723c751e8b465ee728b)  -> (artifact id: '103ff5d43c16f26b364a57fc4230b202') in 0.019165 seconds 
========================================================================
Received Import Request.
  Time since last request: 0.986176 seconds.
  path: Assets/Ressources/Prefabs/Satellite.prefab
  artifactKey: Guid(f73d5fdef16fe274da33a3f04e7f034d) Importer(815301076,1909f56bfc062723c751e8b465ee728b)
Start importing Assets/Ressources/Prefabs/Satellite.prefab using Guid(f73d5fdef16fe274da33a3f04e7f034d) Importer(815301076,1909f56bfc062723c751e8b465ee728b)  -> (artifact id: '7093070947e1fe50a610f2e97843df98') in 0.018306 seconds 
========================================================================
Received Import Request.
  Time since last request: 1.585833 seconds.
  path: Assets/Ressources/Prefabs/Satellite.prefab
  artifactKey: Guid(f73d5fdef16fe274da33a3f04e7f034d) Importer(815301076,1909f56bfc062723c751e8b465ee728b)
Start importing Assets/Ressources/Prefabs/Satellite.prefab using Guid(f73d5fdef16fe274da33a3f04e7f034d) Importer(815301076,1909f56bfc062723c751e8b465ee728b)  -> (artifact id: '28ffb67b1c4278586a72dedd05c0dc41') in 0.029813 seconds 
========================================================================
Received Import Request.
  Time since last request: 1.173529 seconds.
  path: Assets/Ressources/Prefabs/Satellite.prefab
  artifactKey: Guid(f73d5fdef16fe274da33a3f04e7f034d) Importer(815301076,1909f56bfc062723c751e8b465ee728b)
Start importing Assets/Ressources/Prefabs/Satellite.prefab using Guid(f73d5fdef16fe274da33a3f04e7f034d) Importer(815301076,1909f56bfc062723c751e8b465ee728b)  -> (artifact id: 'e3bb3a36b2b1e5564de8a43c4b07469f') in 0.019582 seconds 
========================================================================
Received Import Request.
  Time since last request: 0.982296 seconds.
  path: Assets/Ressources/Prefabs/Satellite.prefab
  artifactKey: Guid(f73d5fdef16fe274da33a3f04e7f034d) Importer(815301076,1909f56bfc062723c751e8b465ee728b)
Start importing Assets/Ressources/Prefabs/Satellite.prefab using Guid(f73d5fdef16fe274da33a3f04e7f034d) Importer(815301076,1909f56bfc062723c751e8b465ee728b)  -> (artifact id: 'cd8ff67c8679695fb20d3d0d57d24f0e') in 0.020043 seconds 
========================================================================
Received Import Request.
  Time since last request: 4.200249 seconds.
  path: Assets/Ressources/Prefabs/Satellite.prefab
  artifactKey: Guid(f73d5fdef16fe274da33a3f04e7f034d) Importer(815301076,1909f56bfc062723c751e8b465ee728b)
Start importing Assets/Ressources/Prefabs/Satellite.prefab using Guid(f73d5fdef16fe274da33a3f04e7f034d) Importer(815301076,1909f56bfc062723c751e8b465ee728b)  -> (artifact id: '690f1e25ce83ac51de84fd59f60aac87') in 0.019535 seconds 
========================================================================
Received Import Request.
  Time since last request: 2.591091 seconds.
  path: Assets/Ressources/Prefabs/Satellite.prefab
  artifactKey: Guid(f73d5fdef16fe274da33a3f04e7f034d) Importer(815301076,1909f56bfc062723c751e8b465ee728b)
Start importing Assets/Ressources/Prefabs/Satellite.prefab using Guid(f73d5fdef16fe274da33a3f04e7f034d) Importer(815301076,1909f56bfc062723c751e8b465ee728b)  -> (artifact id: 'e4c4b5efed5efff9eb43feaa89c22bd1') in 0.020627 seconds 
========================================================================
Received Import Request.
  Time since last request: 4.600408 seconds.
  path: Assets/Ressources/Prefabs/Satellite.prefab
  artifactKey: Guid(f73d5fdef16fe274da33a3f04e7f034d) Importer(815301076,1909f56bfc062723c751e8b465ee728b)
Start importing Assets/Ressources/Prefabs/Satellite.prefab using Guid(f73d5fdef16fe274da33a3f04e7f034d) Importer(815301076,1909f56bfc062723c751e8b465ee728b)  -> (artifact id: '0b666b9e18f08a4ae45cea7fd81625ca') in 0.019907 seconds 
========================================================================
Received Import Request.
  Time since last request: 2.192929 seconds.
  path: Assets/Ressources/Prefabs/Satellite.prefab
  artifactKey: Guid(f73d5fdef16fe274da33a3f04e7f034d) Importer(815301076,1909f56bfc062723c751e8b465ee728b)
Start importing Assets/Ressources/Prefabs/Satellite.prefab using Guid(f73d5fdef16fe274da33a3f04e7f034d) Importer(815301076,1909f56bfc062723c751e8b465ee728b)  -> (artifact id: '826879207e8e0180b8916a5352319a38') in 0.019747 seconds 
========================================================================
Received Import Request.
  Time since last request: 9.840167 seconds.
  path: Assets/Ressources/Prefabs/Satellite.prefab
  artifactKey: Guid(f73d5fdef16fe274da33a3f04e7f034d) Importer(815301076,1909f56bfc062723c751e8b465ee728b)
Start importing Assets/Ressources/Prefabs/Satellite.prefab using Guid(f73d5fdef16fe274da33a3f04e7f034d) Importer(815301076,1909f56bfc062723c751e8b465ee728b)  -> (artifact id: '399f556a1bcfcb9e70ffb70963e0e03a') in 0.019086 seconds 
========================================================================
Received Import Request.
  Time since last request: 1.997909 seconds.
  path: Assets/Ressources/Prefabs/Satellite.prefab
  artifactKey: Guid(f73d5fdef16fe274da33a3f04e7f034d) Importer(815301076,1909f56bfc062723c751e8b465ee728b)
Start importing Assets/Ressources/Prefabs/Satellite.prefab using Guid(f73d5fdef16fe274da33a3f04e7f034d) Importer(815301076,1909f56bfc062723c751e8b465ee728b)  -> (artifact id: '96e4d47e001fe8778fd62bfa18bf522c') in 0.020086 seconds 
========================================================================
Received Import Request.
  Time since last request: 4.610692 seconds.
  path: Assets/Ressources/Prefabs/Satellite.prefab
  artifactKey: Guid(f73d5fdef16fe274da33a3f04e7f034d) Importer(815301076,1909f56bfc062723c751e8b465ee728b)
Start importing Assets/Ressources/Prefabs/Satellite.prefab using Guid(f73d5fdef16fe274da33a3f04e7f034d) Importer(815301076,1909f56bfc062723c751e8b465ee728b)  -> (artifact id: 'a97432156332aa79b7aa2c71de834b19') in 0.019761 seconds 
========================================================================
Received Import Request.
  Time since last request: 1.580020 seconds.
  path: Assets/Ressources/Prefabs/Satellite.prefab
  artifactKey: Guid(f73d5fdef16fe274da33a3f04e7f034d) Importer(815301076,1909f56bfc062723c751e8b465ee728b)
Start importing Assets/Ressources/Prefabs/Satellite.prefab using Guid(f73d5fdef16fe274da33a3f04e7f034d) Importer(815301076,1909f56bfc062723c751e8b465ee728b)  -> (artifact id: '4a741683e394db47d8be98549471aa4f') in 0.019085 seconds 
========================================================================
Received Import Request.
  Time since last request: 2.191198 seconds.
  path: Assets/Ressources/Prefabs/Satellite.prefab
  artifactKey: Guid(f73d5fdef16fe274da33a3f04e7f034d) Importer(815301076,1909f56bfc062723c751e8b465ee728b)
Start importing Assets/Ressources/Prefabs/Satellite.prefab using Guid(f73d5fdef16fe274da33a3f04e7f034d) Importer(815301076,1909f56bfc062723c751e8b465ee728b)  -> (artifact id: '7667a26be03618fe2c2f99bdcd730176') in 0.018154 seconds 
========================================================================
Received Import Request.
  Time since last request: 1.789012 seconds.
  path: Assets/Ressources/Prefabs/Satellite.prefab
  artifactKey: Guid(f73d5fdef16fe274da33a3f04e7f034d) Importer(815301076,1909f56bfc062723c751e8b465ee728b)
Start importing Assets/Ressources/Prefabs/Satellite.prefab using Guid(f73d5fdef16fe274da33a3f04e7f034d) Importer(815301076,1909f56bfc062723c751e8b465ee728b)  -> (artifact id: '418f2a03602a06758f4e2565faf2ed2a') in 0.019173 seconds 
========================================================================
Received Import Request.
  Time since last request: 26.863502 seconds.
  path: Assets/Ressources/Prefabs/Satellite.prefab
  artifactKey: Guid(f73d5fdef16fe274da33a3f04e7f034d) Importer(815301076,1909f56bfc062723c751e8b465ee728b)
Start importing Assets/Ressources/Prefabs/Satellite.prefab using Guid(f73d5fdef16fe274da33a3f04e7f034d) Importer(815301076,1909f56bfc062723c751e8b465ee728b)  -> (artifact id: 'e4f880648cea978e79f2546169bb0e7c') in 0.021809 seconds 
========================================================================
Received Prepare
Registering precompiled user dll's ...
Registered in 0.004052 seconds.
Begin MonoManager ReloadAssembly
Symbol file LoadedFromMemory doesn't match image C:\Users\xavbe\My project (1)\Library\PackageCache\com.unity.visualscripting@1.7.8\Editor\VisualScripting.Core\Dependencies\YamlDotNet\Unity.VisualScripting.YamlDotNet.dll
Symbol file LoadedFromMemory doesn't match image C:\Users\xavbe\My project (1)\Library\PackageCache\com.unity.visualscripting@1.7.8\Editor\VisualScripting.Core\Dependencies\DotNetZip\Unity.VisualScripting.IonicZip.dll
Native extension for WindowsStandalone target not found
Native extension for WebGL target not found
Refreshing native plugins compatible for Editor in 0.45 ms, found 3 plugins.
Preloading 0 native plugins for Editor in 0.00 ms.
Mono: successfully reloaded assembly
- Completed reload, in  0.708 seconds
Domain Reload Profiling:
	ReloadAssembly (709ms)
		BeginReloadAssembly (103ms)
			ExecutionOrderSort (0ms)
			DisableScriptedObjects (3ms)
			BackupInstance (0ms)
			ReleaseScriptingObjects (0ms)
			CreateAndSetChildDomain (30ms)
		EndReloadAssembly (535ms)
			LoadAssemblies (63ms)
			RebuildTransferFunctionScriptingTraits (0ms)
			SetupTypeCache (184ms)
			ReleaseScriptCaches (1ms)
			RebuildScriptCaches (30ms)
			SetupLoadedEditorAssemblies (230ms)
				LogAssemblyErrors (0ms)
				InitializePlatformSupportModulesInManaged (10ms)
				SetLoadedEditorAssemblies (0ms)
				RefreshPlugins (1ms)
				BeforeProcessingInitializeOnLoad (50ms)
				ProcessInitializeOnLoadAttributes (147ms)
				ProcessInitializeOnLoadMethodAttributes (16ms)
				AfterProcessingInitializeOnLoad (6ms)
				EditorAssembliesLoaded (0ms)
			ExecutionOrderSort2 (0ms)
			AwakeInstancesAfterBackupRestoration (6ms)
Platform modules already initialized, skipping
Refreshing native plugins compatible for Editor in 1.35 ms, found 3 plugins.
Preloading 0 native plugins for Editor in 0.00 ms.
Unloading 3399 Unused Serialized files (Serialized files now loaded: 0)
Unloading 20 unused Assets / (80.4 KB). Loaded Objects now: 3925.
Memory consumption went from 122.9 MB to 122.8 MB.
Total: 2.136500 ms (FindLiveObjects: 0.231900 ms CreateObjectMapping: 0.155200 ms MarkObjects: 1.678000 ms  DeleteObjects: 0.070300 ms)

AssetImportParameters requested are different than current active one (requested -> active):
  custom:video-decoder-ogg-theora: a1e56fd34408186e4bbccfd4996cb3dc -> 
  custom:container-muxer-webm: aa71ff27fc2769a1b78a27578f13a17b -> 
  custom:container-demuxer-webm: 4f35f7cbe854078d1ac9338744f61a02 -> 
  custom:video-encoder-webm-vp8: eb34c28f22e8b96e1ab97ce403110664 -> 
  custom:audio-encoder-webm-vorbis: bf7c407c2cedff20999df2af8eb42d56 -> 
  custom:framework-win-MediaFoundation: 216162199b28c13a410421893ffa2e32 -> 
  custom:container-demuxer-ogg: 62fdf1f143b41e24485cea50d1cbac27 -> 
  custom:video-decoder-webm-vp8: 9c59270c3fd7afecdb556c50c9e8de78 -> 
  custom:audio-decoder-ogg-vorbis: bf7c407c2cedff20999df2af8eb42d56 -> 
